<?xml version="1.0" encoding="UTF-8"?>
<testsuite name="com.example.project.TestUtility" tests="1" skipped="0" failures="0" errors="0" timestamp="2025-02-14T19:32:25" hostname="codespaces-b4a720" time="0.028">
  <properties/>
  <testcase name="testSort()" classname="com.example.project.TestUtility" time="0.028"/>
  <system-out><![CDATA[]]></system-out>
  <system-err><![CDATA[]]></system-err>
</testsuite>
